<!DOCTYPE html>
<html>
  <head>
    <meta charset="utf-8"/>
    <title>Test Report</title>
    <link href="assets/style.css" rel="stylesheet" type="text/css"/></head>
  <body onLoad="init()">
    <script>/* This Source Code Form is subject to the terms of the Mozilla Public
 * License, v. 2.0. If a copy of the MPL was not distributed with this file,
 * You can obtain one at http://mozilla.org/MPL/2.0/. */


function toArray(iter) {
    if (iter === null) {
        return null;
    }
    return Array.prototype.slice.call(iter);
}

function find(selector, elem) { // eslint-disable-line no-redeclare
    if (!elem) {
        elem = document;
    }
    return elem.querySelector(selector);
}

function findAll(selector, elem) {
    if (!elem) {
        elem = document;
    }
    return toArray(elem.querySelectorAll(selector));
}

function sortColumn(elem) {
    toggleSortStates(elem);
    const colIndex = toArray(elem.parentNode.childNodes).indexOf(elem);
    let key;
    if (elem.classList.contains('result')) {
        key = keyResult;
    } else if (elem.classList.contains('links')) {
        key = keyLink;
    } else {
        key = keyAlpha;
    }
    sortTable(elem, key(colIndex));
}

function showAllExtras() { // eslint-disable-line no-unused-vars
    findAll('.col-result').forEach(showExtras);
}

function hideAllExtras() { // eslint-disable-line no-unused-vars
    findAll('.col-result').forEach(hideExtras);
}

function showExtras(colresultElem) {
    const extras = colresultElem.parentNode.nextElementSibling;
    const expandcollapse = colresultElem.firstElementChild;
    extras.classList.remove('collapsed');
    expandcollapse.classList.remove('expander');
    expandcollapse.classList.add('collapser');
}

function hideExtras(colresultElem) {
    const extras = colresultElem.parentNode.nextElementSibling;
    const expandcollapse = colresultElem.firstElementChild;
    extras.classList.add('collapsed');
    expandcollapse.classList.remove('collapser');
    expandcollapse.classList.add('expander');
}

function showFilters() {
    const filterItems = document.getElementsByClassName('filter');
    for (let i = 0; i < filterItems.length; i++)
        filterItems[i].hidden = false;
}

function addCollapse() {
    // Add links for show/hide all
    const resulttable = find('table#results-table');
    const showhideall = document.createElement('p');
    showhideall.innerHTML = '<a href="javascript:showAllExtras()">Show all details</a> / ' +
                            '<a href="javascript:hideAllExtras()">Hide all details</a>';
    resulttable.parentElement.insertBefore(showhideall, resulttable);

    // Add show/hide link to each result
    findAll('.col-result').forEach(function(elem) {
        const collapsed = getQueryParameter('collapsed') || 'Passed';
        const extras = elem.parentNode.nextElementSibling;
        const expandcollapse = document.createElement('span');
        if (extras.classList.contains('collapsed')) {
            expandcollapse.classList.add('expander');
        } else if (collapsed.includes(elem.innerHTML)) {
            extras.classList.add('collapsed');
            expandcollapse.classList.add('expander');
        } else {
            expandcollapse.classList.add('collapser');
        }
        elem.appendChild(expandcollapse);

        elem.addEventListener('click', function(event) {
            if (event.currentTarget.parentNode.nextElementSibling.classList.contains('collapsed')) {
                showExtras(event.currentTarget);
            } else {
                hideExtras(event.currentTarget);
            }
        });
    });
}

function getQueryParameter(name) {
    const match = RegExp('[?&]' + name + '=([^&]*)').exec(window.location.search);
    return match && decodeURIComponent(match[1].replace(/\+/g, ' '));
}

function init () { // eslint-disable-line no-unused-vars
    resetSortHeaders();

    addCollapse();

    showFilters();

    sortColumn(find('.initial-sort'));

    findAll('.sortable').forEach(function(elem) {
        elem.addEventListener('click',
            function() {
                sortColumn(elem);
            }, false);
    });
}

function sortTable(clicked, keyFunc) {
    const rows = findAll('.results-table-row');
    const reversed = !clicked.classList.contains('asc');
    const sortedRows = sort(rows, keyFunc, reversed);
    /* Whole table is removed here because browsers acts much slower
     * when appending existing elements.
     */
    const thead = document.getElementById('results-table-head');
    document.getElementById('results-table').remove();
    const parent = document.createElement('table');
    parent.id = 'results-table';
    parent.appendChild(thead);
    sortedRows.forEach(function(elem) {
        parent.appendChild(elem);
    });
    document.getElementsByTagName('BODY')[0].appendChild(parent);
}

function sort(items, keyFunc, reversed) {
    const sortArray = items.map(function(item, i) {
        return [keyFunc(item), i];
    });

    sortArray.sort(function(a, b) {
        const keyA = a[0];
        const keyB = b[0];

        if (keyA == keyB) return 0;

        if (reversed) {
            return keyA < keyB ? 1 : -1;
        } else {
            return keyA > keyB ? 1 : -1;
        }
    });

    return sortArray.map(function(item) {
        const index = item[1];
        return items[index];
    });
}

function keyAlpha(colIndex) {
    return function(elem) {
        return elem.childNodes[1].childNodes[colIndex].firstChild.data.toLowerCase();
    };
}

function keyLink(colIndex) {
    return function(elem) {
        const dataCell = elem.childNodes[1].childNodes[colIndex].firstChild;
        return dataCell == null ? '' : dataCell.innerText.toLowerCase();
    };
}

function keyResult(colIndex) {
    return function(elem) {
        const strings = ['Error', 'Failed', 'Rerun', 'XFailed', 'XPassed',
            'Skipped', 'Passed'];
        return strings.indexOf(elem.childNodes[1].childNodes[colIndex].firstChild.data);
    };
}

function resetSortHeaders() {
    findAll('.sort-icon').forEach(function(elem) {
        elem.parentNode.removeChild(elem);
    });
    findAll('.sortable').forEach(function(elem) {
        const icon = document.createElement('div');
        icon.className = 'sort-icon';
        icon.textContent = 'vvv';
        elem.insertBefore(icon, elem.firstChild);
        elem.classList.remove('desc', 'active');
        elem.classList.add('asc', 'inactive');
    });
}

function toggleSortStates(elem) {
    //if active, toggle between asc and desc
    if (elem.classList.contains('active')) {
        elem.classList.toggle('asc');
        elem.classList.toggle('desc');
    }

    //if inactive, reset all other functions and add ascending active
    if (elem.classList.contains('inactive')) {
        resetSortHeaders();
        elem.classList.remove('inactive');
        elem.classList.add('active');
    }
}

function isAllRowsHidden(value) {
    return value.hidden == false;
}

function filterTable(elem) { // eslint-disable-line no-unused-vars
    const outcomeAtt = 'data-test-result';
    const outcome = elem.getAttribute(outcomeAtt);
    const classOutcome = outcome + ' results-table-row';
    const outcomeRows = document.getElementsByClassName(classOutcome);

    for(let i = 0; i < outcomeRows.length; i++){
        outcomeRows[i].hidden = !elem.checked;
    }

    const rows = findAll('.results-table-row').filter(isAllRowsHidden);
    const allRowsHidden = rows.length == 0 ? true : false;
    const notFoundMessage = document.getElementById('not-found-message');
    notFoundMessage.hidden = !allRowsHidden;
}
</script>
    <h1>hubSpot.html</h1>
    <p>Report generated on 03-May-2022 at 20:45:40 by <a href="https://pypi.python.org/pypi/pytest-html">pytest-html</a> v3.1.1</p>
    <h2>Environment</h2>
    <table id="environment">
      <tr>
        <td>Packages</td>
        <td>{"pluggy": "1.0.0", "py": "1.11.0", "pytest": "7.1.2"}</td></tr>
      <tr>
        <td>Platform</td>
        <td>Windows-10-10.0.19041-SP0</td></tr>
      <tr>
        <td>Plugins</td>
        <td>{"forked": "1.4.0", "html": "3.1.1", "metadata": "2.0.1", "xdist": "2.5.0"}</td></tr>
      <tr>
        <td>Python</td>
        <td>3.8.8</td></tr></table>
    <h2>Summary</h2>
    <p>8 tests ran in 361.94 seconds. </p>
    <p class="filter" hidden="true">(Un)check the boxes to filter the results.</p><input checked="true" class="filter" data-test-result="passed" hidden="true" name="filter_checkbox" onChange="filterTable(this)" type="checkbox"/><span class="passed">2 passed</span>, <input checked="true" class="filter" data-test-result="skipped" disabled="true" hidden="true" name="filter_checkbox" onChange="filterTable(this)" type="checkbox"/><span class="skipped">0 skipped</span>, <input checked="true" class="filter" data-test-result="failed" hidden="true" name="filter_checkbox" onChange="filterTable(this)" type="checkbox"/><span class="failed">6 failed</span>, <input checked="true" class="filter" data-test-result="error" disabled="true" hidden="true" name="filter_checkbox" onChange="filterTable(this)" type="checkbox"/><span class="error">0 errors</span>, <input checked="true" class="filter" data-test-result="xfailed" disabled="true" hidden="true" name="filter_checkbox" onChange="filterTable(this)" type="checkbox"/><span class="xfailed">0 expected failures</span>, <input checked="true" class="filter" data-test-result="xpassed" disabled="true" hidden="true" name="filter_checkbox" onChange="filterTable(this)" type="checkbox"/><span class="xpassed">0 unexpected passes</span>
    <h2>Results</h2>
    <table id="results-table">
      <thead id="results-table-head">
        <tr>
          <th class="sortable result initial-sort" col="result">Result</th>
          <th class="sortable" col="name">Test</th>
          <th class="sortable" col="duration">Duration</th>
          <th class="sortable links" col="links">Links</th></tr>
        <tr hidden="true" id="not-found-message">
          <th colspan="4">No results found. Try to check the filters</th></tr></thead>
      <tbody class="failed results-table-row">
        <tr>
          <td class="col-result">Failed</td>
          <td class="col-name">test_HomePage.py::Test_Home::test_home_page_title[chrome]</td>
          <td class="col-duration">33.98</td>
          <td class="col-links"></td></tr>
        <tr>
          <td class="extra" colspan="4">
            <div class="log">[gw0] win32 -- Python 3.8.8 d:\it19a1b\pomproject\venv\scripts\python.exe<br/>[gw0] win32 -- Python 3.8.8 d:\it19a1b\pomproject\venv\scripts\python.exe[gw0] win32 -- Python 3.8.8 d:\it19a1b\pomproject\venv\scripts\python.exe<br/><br/>self = &lt;Test.test_HomePage.Test_Home object at 0x00000214A42BCC70&gt;<br/><br/>    def test_home_page_title(self):<br/>        self.loginPage = LoginPage(self.driver)<br/>        homePage = self.loginPage.do_login(TestData.USER_NAME, TestData.PASSWORD)<br/>&gt;       title = homePage.get_home_page_title(TestData.HOME_PAGE_TITLE)<br/><br/>test_HomePage.py:9: <br/>_ _ _ _ _ _ _ _ _ _ _ _ _ _ _ _ _ _ _ _ _ _ _ _ _ _ _ _ _ _ _ _ _ _ _ _ _ _ _ _ <br/>..\Pages\HomePage.py:13: in get_home_page_title<br/>    return self.get_title(title)<br/>..\Pages\BasePage.py:27: in get_title<br/>    WebDriverWait(self.driver, 10).until(EC.title_is(title))<br/>_ _ _ _ _ _ _ _ _ _ _ _ _ _ _ _ _ _ _ _ _ _ _ _ _ _ _ _ _ _ _ _ _ _ _ _ _ _ _ _ <br/><br/>self = &lt;selenium.webdriver.support.wait.WebDriverWait (session=&quot;4e3495cc2ae8c425fd6061897a9ad69c&quot;)&gt;<br/>method = &lt;function title_is.&lt;locals&gt;._predicate at 0x00000214A43113A0&gt;, message = &#x27;&#x27;<br/><br/>    def until(self, method, message=&#x27;&#x27;):<br/>        &quot;&quot;&quot;Calls the method provided with the driver as an argument until the \<br/>        return value does not evaluate to ``False``.<br/>    <br/>        :param method: callable(WebDriver)<br/>        :param message: optional message for :exc:`TimeoutException`<br/>        :returns: the result of the last call to `method`<br/>        :raises: :exc:`selenium.common.exceptions.TimeoutException` if timeout occurs<br/>        &quot;&quot;&quot;<br/>        screen = None<br/>        stacktrace = None<br/>    <br/>        end_time = time.time() + self._timeout<br/>        while True:<br/>            try:<br/>                value = method(self._driver)<br/>                if value:<br/>                    return value<br/>            except InvalidSelectorException as e:<br/>                raise e<br/>            except self._ignored_exceptions as exc:<br/>                screen = getattr(exc, &#x27;screen&#x27;, None)<br/>                stacktrace = getattr(exc, &#x27;stacktrace&#x27;, None)<br/>            time.sleep(self._poll)<br/>            if time.time() &gt; end_time:<br/>                break<br/>&gt;       raise TimeoutException(message, screen, stacktrace)<br/><span class="error">E       selenium.common.exceptions.TimeoutException: Message:</span><br/><br/>..\venv\lib\site-packages\selenium\webdriver\support\wait.py:89: TimeoutException[gw0] win32 -- Python 3.8.8 d:\it19a1b\pomproject\venv\scripts\python.exe<br/></div></td></tr></tbody>
      <tbody class="failed results-table-row">
        <tr>
          <td class="col-result">Failed</td>
          <td class="col-name">test_HomePage.py::Test_Home::test_home_page_header[chrome]</td>
          <td class="col-duration">31.98</td>
          <td class="col-links"></td></tr>
        <tr>
          <td class="extra" colspan="4">
            <div class="log">[gw0] win32 -- Python 3.8.8 d:\it19a1b\pomproject\venv\scripts\python.exe<br/>[gw0] win32 -- Python 3.8.8 d:\it19a1b\pomproject\venv\scripts\python.exe[gw0] win32 -- Python 3.8.8 d:\it19a1b\pomproject\venv\scripts\python.exe<br/><br/>self = &lt;Test.test_HomePage.Test_Home object at 0x00000214A42CE220&gt;<br/><br/>    def test_home_page_header(self):<br/>        self.loginPage = LoginPage(self.driver)<br/>        homePage = self.loginPage.do_login(TestData.USER_NAME, TestData.PASSWORD)<br/>&gt;       header = homePage.get_home_page_title(TestData.HOME_PAGE_TITLE)<br/><br/>test_HomePage.py:14: <br/>_ _ _ _ _ _ _ _ _ _ _ _ _ _ _ _ _ _ _ _ _ _ _ _ _ _ _ _ _ _ _ _ _ _ _ _ _ _ _ _ <br/>..\Pages\HomePage.py:13: in get_home_page_title<br/>    return self.get_title(title)<br/>..\Pages\BasePage.py:27: in get_title<br/>    WebDriverWait(self.driver, 10).until(EC.title_is(title))<br/>_ _ _ _ _ _ _ _ _ _ _ _ _ _ _ _ _ _ _ _ _ _ _ _ _ _ _ _ _ _ _ _ _ _ _ _ _ _ _ _ <br/><br/>self = &lt;selenium.webdriver.support.wait.WebDriverWait (session=&quot;4e3495cc2ae8c425fd6061897a9ad69c&quot;)&gt;<br/>method = &lt;function title_is.&lt;locals&gt;._predicate at 0x00000214A43611F0&gt;, message = &#x27;&#x27;<br/><br/>    def until(self, method, message=&#x27;&#x27;):<br/>        &quot;&quot;&quot;Calls the method provided with the driver as an argument until the \<br/>        return value does not evaluate to ``False``.<br/>    <br/>        :param method: callable(WebDriver)<br/>        :param message: optional message for :exc:`TimeoutException`<br/>        :returns: the result of the last call to `method`<br/>        :raises: :exc:`selenium.common.exceptions.TimeoutException` if timeout occurs<br/>        &quot;&quot;&quot;<br/>        screen = None<br/>        stacktrace = None<br/>    <br/>        end_time = time.time() + self._timeout<br/>        while True:<br/>            try:<br/>                value = method(self._driver)<br/>                if value:<br/>                    return value<br/>            except InvalidSelectorException as e:<br/>                raise e<br/>            except self._ignored_exceptions as exc:<br/>                screen = getattr(exc, &#x27;screen&#x27;, None)<br/>                stacktrace = getattr(exc, &#x27;stacktrace&#x27;, None)<br/>            time.sleep(self._poll)<br/>            if time.time() &gt; end_time:<br/>                break<br/>&gt;       raise TimeoutException(message, screen, stacktrace)<br/><span class="error">E       selenium.common.exceptions.TimeoutException: Message:</span><br/><br/>..\venv\lib\site-packages\selenium\webdriver\support\wait.py:89: TimeoutException[gw0] win32 -- Python 3.8.8 d:\it19a1b\pomproject\venv\scripts\python.exe<br/></div></td></tr></tbody>
      <tbody class="failed results-table-row">
        <tr>
          <td class="col-result">Failed</td>
          <td class="col-name">test_HomePage.py::Test_Home::test_account_name[chrome]</td>
          <td class="col-duration">31.68</td>
          <td class="col-links"></td></tr>
        <tr>
          <td class="extra" colspan="4">
            <div class="log">[gw0] win32 -- Python 3.8.8 d:\it19a1b\pomproject\venv\scripts\python.exe<br/>[gw0] win32 -- Python 3.8.8 d:\it19a1b\pomproject\venv\scripts\python.exe[gw0] win32 -- Python 3.8.8 d:\it19a1b\pomproject\venv\scripts\python.exe<br/><br/>self = &lt;Test.test_HomePage.Test_Home object at 0x00000214A42CE370&gt;<br/><br/>    def test_account_name(self):<br/>        self.loginPage = LoginPage(self.driver)<br/>        homePage = self.loginPage.do_login(TestData.USER_NAME, TestData.PASSWORD)<br/>&gt;       account_name = homePage.get_account_name_value()<br/><br/>test_HomePage.py:20: <br/>_ _ _ _ _ _ _ _ _ _ _ _ _ _ _ _ _ _ _ _ _ _ _ _ _ _ _ _ _ _ _ _ _ _ _ _ _ _ _ _ <br/>..\Pages\HomePage.py:22: in get_account_name_value<br/>    if self.is_vistble(self.ACCOUNT_NAME):<br/>..\Pages\BasePage.py:24: in is_vistble<br/>    element = WebDriverWait(self.driver, 10).until(EC.visibility_of_element_located(by_locator))<br/>_ _ _ _ _ _ _ _ _ _ _ _ _ _ _ _ _ _ _ _ _ _ _ _ _ _ _ _ _ _ _ _ _ _ _ _ _ _ _ _ <br/><br/>self = &lt;selenium.webdriver.support.wait.WebDriverWait (session=&quot;4e3495cc2ae8c425fd6061897a9ad69c&quot;)&gt;<br/>method = &lt;function visibility_of_element_located.&lt;locals&gt;._predicate at 0x00000214A4361700&gt;, message = &#x27;&#x27;<br/><br/>    def until(self, method, message=&#x27;&#x27;):<br/>        &quot;&quot;&quot;Calls the method provided with the driver as an argument until the \<br/>        return value does not evaluate to ``False``.<br/>    <br/>        :param method: callable(WebDriver)<br/>        :param message: optional message for :exc:`TimeoutException`<br/>        :returns: the result of the last call to `method`<br/>        :raises: :exc:`selenium.common.exceptions.TimeoutException` if timeout occurs<br/>        &quot;&quot;&quot;<br/>        screen = None<br/>        stacktrace = None<br/>    <br/>        end_time = time.time() + self._timeout<br/>        while True:<br/>            try:<br/>                value = method(self._driver)<br/>                if value:<br/>                    return value<br/>            except InvalidSelectorException as e:<br/>                raise e<br/>            except self._ignored_exceptions as exc:<br/>                screen = getattr(exc, &#x27;screen&#x27;, None)<br/>                stacktrace = getattr(exc, &#x27;stacktrace&#x27;, None)<br/>            time.sleep(self._poll)<br/>            if time.time() &gt; end_time:<br/>                break<br/>&gt;       raise TimeoutException(message, screen, stacktrace)<br/><span class="error">E       selenium.common.exceptions.TimeoutException: Message: </span><br/><span class="error">E       Stacktrace:</span><br/><span class="error">E       Backtrace:</span><br/><span class="error">E       	Ordinal0 [0x00348BD3+2395091]</span><br/><span class="error">E       	Ordinal0 [0x002DACA1+1944737]</span><br/><span class="error">E       	Ordinal0 [0x001CD008+839688]</span><br/><span class="error">E       	Ordinal0 [0x001F9BFD+1022973]</span><br/><span class="error">E       	Ordinal0 [0x001F9EBB+1023675]</span><br/><span class="error">E       	Ordinal0 [0x00226A92+1206930]</span><br/><span class="error">E       	Ordinal0 [0x00214C04+1133572]</span><br/><span class="error">E       	Ordinal0 [0x00224D62+1199458]</span><br/><span class="error">E       	Ordinal0 [0x002149D6+1133014]</span><br/><span class="error">E       	Ordinal0 [0x001EEF76+978806]</span><br/><span class="error">E       	Ordinal0 [0x001EFE86+982662]</span><br/><span class="error">E       	GetHandleVerifier [0x004FC912+1719138]</span><br/><span class="error">E       	GetHandleVerifier [0x005AB2CD+2434333]</span><br/><span class="error">E       	GetHandleVerifier [0x003E4001+569937]</span><br/><span class="error">E       	GetHandleVerifier [0x003E3066+565942]</span><br/><span class="error">E       	Ordinal0 [0x002E265B+1975899]</span><br/><span class="error">E       	Ordinal0 [0x002E72A8+1995432]</span><br/><span class="error">E       	Ordinal0 [0x002E7395+1995669]</span><br/><span class="error">E       	Ordinal0 [0x002F02F1+2032369]</span><br/><span class="error">E       	BaseThreadInitThunk [0x7582FA29+25]</span><br/><span class="error">E       	RtlGetAppContainerNamedObjectPath [0x779A7A7E+286]</span><br/><span class="error">E       	RtlGetAppContainerNamedObjectPath [0x779A7A4E+238]</span><br/><br/>..\venv\lib\site-packages\selenium\webdriver\support\wait.py:89: TimeoutException[gw0] win32 -- Python 3.8.8 d:\it19a1b\pomproject\venv\scripts\python.exe<br/></div></td></tr></tbody>
      <tbody class="failed results-table-row">
        <tr>
          <td class="col-result">Failed</td>
          <td class="col-name">test_HomePage.py::Test_Home::test_home_page_title[firefox]</td>
          <td class="col-duration">44.02</td>
          <td class="col-links"></td></tr>
        <tr>
          <td class="extra" colspan="4">
            <div class="log">[gw0] win32 -- Python 3.8.8 d:\it19a1b\pomproject\venv\scripts\python.exe<br/>[gw0] win32 -- Python 3.8.8 d:\it19a1b\pomproject\venv\scripts\python.exe[gw0] win32 -- Python 3.8.8 d:\it19a1b\pomproject\venv\scripts\python.exe<br/><br/>self = &lt;Test.test_HomePage.Test_Home object at 0x00000214A42BCD00&gt;<br/><br/>    def test_home_page_title(self):<br/>        self.loginPage = LoginPage(self.driver)<br/>        homePage = self.loginPage.do_login(TestData.USER_NAME, TestData.PASSWORD)<br/>&gt;       title = homePage.get_home_page_title(TestData.HOME_PAGE_TITLE)<br/><br/>test_HomePage.py:9: <br/>_ _ _ _ _ _ _ _ _ _ _ _ _ _ _ _ _ _ _ _ _ _ _ _ _ _ _ _ _ _ _ _ _ _ _ _ _ _ _ _ <br/>..\Pages\HomePage.py:13: in get_home_page_title<br/>    return self.get_title(title)<br/>..\Pages\BasePage.py:27: in get_title<br/>    WebDriverWait(self.driver, 10).until(EC.title_is(title))<br/>_ _ _ _ _ _ _ _ _ _ _ _ _ _ _ _ _ _ _ _ _ _ _ _ _ _ _ _ _ _ _ _ _ _ _ _ _ _ _ _ <br/><br/>self = &lt;selenium.webdriver.support.wait.WebDriverWait (session=&quot;1d182207-658e-4eba-83df-3b340ff6a399&quot;)&gt;<br/>method = &lt;function title_is.&lt;locals&gt;._predicate at 0x00000214A427C1F0&gt;, message = &#x27;&#x27;<br/><br/>    def until(self, method, message=&#x27;&#x27;):<br/>        &quot;&quot;&quot;Calls the method provided with the driver as an argument until the \<br/>        return value does not evaluate to ``False``.<br/>    <br/>        :param method: callable(WebDriver)<br/>        :param message: optional message for :exc:`TimeoutException`<br/>        :returns: the result of the last call to `method`<br/>        :raises: :exc:`selenium.common.exceptions.TimeoutException` if timeout occurs<br/>        &quot;&quot;&quot;<br/>        screen = None<br/>        stacktrace = None<br/>    <br/>        end_time = time.time() + self._timeout<br/>        while True:<br/>            try:<br/>                value = method(self._driver)<br/>                if value:<br/>                    return value<br/>            except InvalidSelectorException as e:<br/>                raise e<br/>            except self._ignored_exceptions as exc:<br/>                screen = getattr(exc, &#x27;screen&#x27;, None)<br/>                stacktrace = getattr(exc, &#x27;stacktrace&#x27;, None)<br/>            time.sleep(self._poll)<br/>            if time.time() &gt; end_time:<br/>                break<br/>&gt;       raise TimeoutException(message, screen, stacktrace)<br/><span class="error">E       selenium.common.exceptions.TimeoutException: Message:</span><br/><br/>..\venv\lib\site-packages\selenium\webdriver\support\wait.py:89: TimeoutException[gw0] win32 -- Python 3.8.8 d:\it19a1b\pomproject\venv\scripts\python.exe<br/></div></td></tr></tbody>
      <tbody class="failed results-table-row">
        <tr>
          <td class="col-result">Failed</td>
          <td class="col-name">test_HomePage.py::Test_Home::test_home_page_header[firefox]</td>
          <td class="col-duration">53.42</td>
          <td class="col-links"></td></tr>
        <tr>
          <td class="extra" colspan="4">
            <div class="log">[gw0] win32 -- Python 3.8.8 d:\it19a1b\pomproject\venv\scripts\python.exe<br/>[gw0] win32 -- Python 3.8.8 d:\it19a1b\pomproject\venv\scripts\python.exe[gw0] win32 -- Python 3.8.8 d:\it19a1b\pomproject\venv\scripts\python.exe<br/><br/>self = &lt;Test.test_HomePage.Test_Home object at 0x00000214A42CE190&gt;<br/><br/>    def test_home_page_header(self):<br/>        self.loginPage = LoginPage(self.driver)<br/>        homePage = self.loginPage.do_login(TestData.USER_NAME, TestData.PASSWORD)<br/>&gt;       header = homePage.get_home_page_title(TestData.HOME_PAGE_TITLE)<br/><br/>test_HomePage.py:14: <br/>_ _ _ _ _ _ _ _ _ _ _ _ _ _ _ _ _ _ _ _ _ _ _ _ _ _ _ _ _ _ _ _ _ _ _ _ _ _ _ _ <br/>..\Pages\HomePage.py:13: in get_home_page_title<br/>    return self.get_title(title)<br/>..\Pages\BasePage.py:27: in get_title<br/>    WebDriverWait(self.driver, 10).until(EC.title_is(title))<br/>_ _ _ _ _ _ _ _ _ _ _ _ _ _ _ _ _ _ _ _ _ _ _ _ _ _ _ _ _ _ _ _ _ _ _ _ _ _ _ _ <br/><br/>self = &lt;selenium.webdriver.support.wait.WebDriverWait (session=&quot;1d182207-658e-4eba-83df-3b340ff6a399&quot;)&gt;<br/>method = &lt;function title_is.&lt;locals&gt;._predicate at 0x00000214A43618B0&gt;, message = &#x27;&#x27;<br/><br/>    def until(self, method, message=&#x27;&#x27;):<br/>        &quot;&quot;&quot;Calls the method provided with the driver as an argument until the \<br/>        return value does not evaluate to ``False``.<br/>    <br/>        :param method: callable(WebDriver)<br/>        :param message: optional message for :exc:`TimeoutException`<br/>        :returns: the result of the last call to `method`<br/>        :raises: :exc:`selenium.common.exceptions.TimeoutException` if timeout occurs<br/>        &quot;&quot;&quot;<br/>        screen = None<br/>        stacktrace = None<br/>    <br/>        end_time = time.time() + self._timeout<br/>        while True:<br/>            try:<br/>                value = method(self._driver)<br/>                if value:<br/>                    return value<br/>            except InvalidSelectorException as e:<br/>                raise e<br/>            except self._ignored_exceptions as exc:<br/>                screen = getattr(exc, &#x27;screen&#x27;, None)<br/>                stacktrace = getattr(exc, &#x27;stacktrace&#x27;, None)<br/>            time.sleep(self._poll)<br/>            if time.time() &gt; end_time:<br/>                break<br/>&gt;       raise TimeoutException(message, screen, stacktrace)<br/><span class="error">E       selenium.common.exceptions.TimeoutException: Message:</span><br/><br/>..\venv\lib\site-packages\selenium\webdriver\support\wait.py:89: TimeoutException[gw0] win32 -- Python 3.8.8 d:\it19a1b\pomproject\venv\scripts\python.exe<br/></div></td></tr></tbody>
      <tbody class="failed results-table-row">
        <tr>
          <td class="col-result">Failed</td>
          <td class="col-name">test_HomePage.py::Test_Home::test_account_name[firefox]</td>
          <td class="col-duration">53.43</td>
          <td class="col-links"></td></tr>
        <tr>
          <td class="extra" colspan="4">
            <div class="log">[gw0] win32 -- Python 3.8.8 d:\it19a1b\pomproject\venv\scripts\python.exe<br/>[gw0] win32 -- Python 3.8.8 d:\it19a1b\pomproject\venv\scripts\python.exe[gw0] win32 -- Python 3.8.8 d:\it19a1b\pomproject\venv\scripts\python.exe<br/><br/>self = &lt;Test.test_HomePage.Test_Home object at 0x00000214A42CE400&gt;<br/><br/>    def test_account_name(self):<br/>        self.loginPage = LoginPage(self.driver)<br/>        homePage = self.loginPage.do_login(TestData.USER_NAME, TestData.PASSWORD)<br/>&gt;       account_name = homePage.get_account_name_value()<br/><br/>test_HomePage.py:20: <br/>_ _ _ _ _ _ _ _ _ _ _ _ _ _ _ _ _ _ _ _ _ _ _ _ _ _ _ _ _ _ _ _ _ _ _ _ _ _ _ _ <br/>..\Pages\HomePage.py:22: in get_account_name_value<br/>    if self.is_vistble(self.ACCOUNT_NAME):<br/>..\Pages\BasePage.py:24: in is_vistble<br/>    element = WebDriverWait(self.driver, 10).until(EC.visibility_of_element_located(by_locator))<br/>_ _ _ _ _ _ _ _ _ _ _ _ _ _ _ _ _ _ _ _ _ _ _ _ _ _ _ _ _ _ _ _ _ _ _ _ _ _ _ _ <br/><br/>self = &lt;selenium.webdriver.support.wait.WebDriverWait (session=&quot;1d182207-658e-4eba-83df-3b340ff6a399&quot;)&gt;<br/>method = &lt;function visibility_of_element_located.&lt;locals&gt;._predicate at 0x00000214A4361040&gt;, message = &#x27;&#x27;<br/><br/>    def until(self, method, message=&#x27;&#x27;):<br/>        &quot;&quot;&quot;Calls the method provided with the driver as an argument until the \<br/>        return value does not evaluate to ``False``.<br/>    <br/>        :param method: callable(WebDriver)<br/>        :param message: optional message for :exc:`TimeoutException`<br/>        :returns: the result of the last call to `method`<br/>        :raises: :exc:`selenium.common.exceptions.TimeoutException` if timeout occurs<br/>        &quot;&quot;&quot;<br/>        screen = None<br/>        stacktrace = None<br/>    <br/>        end_time = time.time() + self._timeout<br/>        while True:<br/>            try:<br/>                value = method(self._driver)<br/>                if value:<br/>                    return value<br/>            except InvalidSelectorException as e:<br/>                raise e<br/>            except self._ignored_exceptions as exc:<br/>                screen = getattr(exc, &#x27;screen&#x27;, None)<br/>                stacktrace = getattr(exc, &#x27;stacktrace&#x27;, None)<br/>            time.sleep(self._poll)<br/>            if time.time() &gt; end_time:<br/>                break<br/>&gt;       raise TimeoutException(message, screen, stacktrace)<br/><span class="error">E       selenium.common.exceptions.TimeoutException: Message: </span><br/><span class="error">E       Stacktrace:</span><br/><span class="error">E       WebDriverError@chrome://remote/content/shared/webdriver/Errors.jsm:183:5</span><br/><span class="error">E       NoSuchElementError@chrome://remote/content/shared/webdriver/Errors.jsm:395:5</span><br/><span class="error">E       element.find/&lt;/&lt;@chrome://remote/content/marionette/element.js:300:16</span><br/><br/>..\venv\lib\site-packages\selenium\webdriver\support\wait.py:89: TimeoutException[gw0] win32 -- Python 3.8.8 d:\it19a1b\pomproject\venv\scripts\python.exe<br/></div></td></tr></tbody>
      <tbody class="passed results-table-row">
        <tr>
          <td class="col-result">Passed</td>
          <td class="col-name">test_HomePage.py::Test_Home::test_settings_icon[chrome]</td>
          <td class="col-duration">25.23</td>
          <td class="col-links"></td></tr>
        <tr>
          <td class="extra" colspan="4">
            <div class="log">[gw0] win32 -- Python 3.8.8 d:\it19a1b\pomproject\venv\scripts\python.exe<br/>[gw0] win32 -- Python 3.8.8 d:\it19a1b\pomproject\venv\scripts\python.exe[gw0] win32 -- Python 3.8.8 d:\it19a1b\pomproject\venv\scripts\python.exe[gw0] win32 -- Python 3.8.8 d:\it19a1b\pomproject\venv\scripts\python.exe<br/></div></td></tr></tbody>
      <tbody class="passed results-table-row">
        <tr>
          <td class="col-result">Passed</td>
          <td class="col-name">test_HomePage.py::Test_Home::test_settings_icon[firefox]</td>
          <td class="col-duration">67.15</td>
          <td class="col-links"></td></tr>
        <tr>
          <td class="extra" colspan="4">
            <div class="log">[gw0] win32 -- Python 3.8.8 d:\it19a1b\pomproject\venv\scripts\python.exe<br/>[gw0] win32 -- Python 3.8.8 d:\it19a1b\pomproject\venv\scripts\python.exe[gw0] win32 -- Python 3.8.8 d:\it19a1b\pomproject\venv\scripts\python.exe[gw0] win32 -- Python 3.8.8 d:\it19a1b\pomproject\venv\scripts\python.exe<br/></div></td></tr></tbody></table></body></html>